<?xml version='1.0'?>
<ns2:test-suite xmlns:ns2='urn:model.allure.qatools.yandex.ru' start='1651506390575' stop='1651506392177'>
    <name>Data Validation in checkuot: As a user, I try to make a correct checkout</name>
    <title>Data Validation in checkuot: As a user, I try to make a correct checkout</title>
    <test-cases>
        <test-case start='1651506390576' status='passed' stop='1651506390578'>
            <name></name>
            <title></title>
            <labels>
                <label name='language' value='javascript'/>
                <label name='framework' value='wdio'/>
                <label name='thread' value='0-0'/>
            </labels>
            <parameters>
                <parameter kind='argument' name='browser' value='chrome-100.0.4896.127'/>
            </parameters>
            <steps/>
            <attachments/>
        </test-case>
        <test-case start='1651506390579' status='passed' stop='1651506390666'>
            <name>Given I am on the main page</name>
            <title>Given I am on the main page</title>
            <labels>
                <label name='language' value='javascript'/>
                <label name='framework' value='wdio'/>
                <label name='thread' value='0-0'/>
            </labels>
            <parameters>
                <parameter kind='argument' name='browser' value='chrome-100.0.4896.127'/>
            </parameters>
            <steps>
                <step start='1651506390583' status='passed' stop='1651506390664'>
                    <name>POST /session/:sessionId/url</name>
                    <title>POST /session/:sessionId/url</title>
                    <attachments>
                        <attachment title='Request' source='a41d1ba5-f571-4586-8443-ee431e8421d2-attachment.json' type='application/json' size='33'/>
                    </attachments>
                    <steps/>
                </step>
            </steps>
            <attachments/>
        </test-case>
        <test-case start='1651506390666' status='passed' stop='1651506391301'>
            <name>And I click on link with text Men's Outerwear with 1</name>
            <title>And I click on link with text Men's Outerwear with 1</title>
            <labels>
                <label name='language' value='javascript'/>
                <label name='framework' value='wdio'/>
                <label name='thread' value='0-0'/>
            </labels>
            <parameters>
                <parameter kind='argument' name='browser' value='chrome-100.0.4896.127'/>
            </parameters>
            <steps>
                <step start='1651506390669' status='passed' stop='1651506390682'>
                    <name>POST /session/:sessionId/execute/sync</name>
                    <title>POST /session/:sessionId/execute/sync</title>
                    <attachments>
                        <attachment title='Request' source='b47902c7-5c84-4612-8bcf-a2dd5f75232d-attachment.json' type='application/json' size='3269'/>
                        <attachment title='Response' source='4fe22bad-255f-44ae-8cec-38ac9428a3ba-attachment.json' type='application/json' size='2'/>
                    </attachments>
                    <steps/>
                </step>
                <step start='1651506390688' status='passed' stop='1651506390754'>
                    <name>POST /session/:sessionId/execute/sync</name>
                    <title>POST /session/:sessionId/execute/sync</title>
                    <attachments>
                        <attachment title='Request' source='31818cb9-ed00-4b7e-b1e5-73e6010b49bf-attachment.json' type='application/json' size='3269'/>
                        <attachment title='Response' source='340d4207-e8d2-467c-af27-29bdcb813b19-attachment.json' type='application/json' size='2'/>
                    </attachments>
                    <steps/>
                </step>
                <step start='1651506391204' status='passed' stop='1651506391214'>
                    <name>POST /session/:sessionId/execute/sync</name>
                    <title>POST /session/:sessionId/execute/sync</title>
                    <attachments>
                        <attachment title='Request' source='9a1bc018-a453-44f8-89fe-8789c5fc5b04-attachment.json' type='application/json' size='3269'/>
                        <attachment title='Response' source='3092b98e-765a-4ba6-b699-63303a63e9ef-attachment.json' type='application/json' size='93'/>
                    </attachments>
                    <steps/>
                </step>
                <step start='1651506391217' status='passed' stop='1651506391226'>
                    <name>POST /session/:sessionId/execute/sync</name>
                    <title>POST /session/:sessionId/execute/sync</title>
                    <attachments>
                        <attachment title='Request' source='a2a3500c-cc52-43ad-9427-5f402c3accb5-attachment.json' type='application/json' size='3269'/>
                        <attachment title='Response' source='084cb440-2191-407e-87dd-6ae6d1314de2-attachment.json' type='application/json' size='93'/>
                    </attachments>
                    <steps/>
                </step>
                <step start='1651506391228' status='passed' stop='1651506391245'>
                    <name>GET /session/:sessionId/element/4e7cba12-30f6-4b77-990e-b5b2047b4aac/text</name>
                    <title>GET /session/:sessionId/element/4e7cba12-30f6-4b77-990e-b5b2047b4aac/text</title>
                    <attachments>
                        <attachment title='Response' source='160027c3-05c7-4fc8-ade3-c6155bb05849-attachment.json' type='application/json' size='17'/>
                    </attachments>
                    <steps/>
                </step>
                <step start='1651506391247' status='passed' stop='1651506391300'>
                    <name>POST /session/:sessionId/element/4e7cba12-30f6-4b77-990e-b5b2047b4aac/click</name>
                    <title>POST /session/:sessionId/element/4e7cba12-30f6-4b77-990e-b5b2047b4aac/click</title>
                    <attachments/>
                    <steps/>
                </step>
            </steps>
            <attachments/>
        </test-case>
        <test-case start='1651506391302' status='passed' stop='1651506391390'>
            <name>And I click on the first element in the result_list</name>
            <title>And I click on the first element in the result_list</title>
            <labels>
                <label name='language' value='javascript'/>
                <label name='framework' value='wdio'/>
                <label name='thread' value='0-0'/>
            </labels>
            <parameters>
                <parameter kind='argument' name='browser' value='chrome-100.0.4896.127'/>
            </parameters>
            <steps>
                <step start='1651506391304' status='passed' stop='1651506391341'>
                    <name>POST /session/:sessionId/execute/sync</name>
                    <title>POST /session/:sessionId/execute/sync</title>
                    <attachments>
                        <attachment title='Request' source='35bc8de5-7c83-4067-8eab-b62caeaf42a7-attachment.json' type='application/json' size='3246'/>
                        <attachment title='Response' source='f3536c62-7b8d-4ccc-8637-449e2a3f2004-attachment.json' type='application/json' size='1458'/>
                    </attachments>
                    <steps/>
                </step>
                <step start='1651506391344' status='passed' stop='1651506391388'>
                    <name>POST /session/:sessionId/element/d6dd1857-2bd1-4965-aa82-1156a8d1b19b/click</name>
                    <title>POST /session/:sessionId/element/d6dd1857-2bd1-4965-aa82-1156a8d1b19b/click</title>
                    <attachments/>
                    <steps/>
                </step>
            </steps>
            <attachments/>
        </test-case>
        <test-case start='1651506391390' status='passed' stop='1651506391445'>
            <name>And I click on the add_to_cart_button</name>
            <title>And I click on the add_to_cart_button</title>
            <labels>
                <label name='language' value='javascript'/>
                <label name='framework' value='wdio'/>
                <label name='thread' value='0-0'/>
            </labels>
            <parameters>
                <parameter kind='argument' name='browser' value='chrome-100.0.4896.127'/>
            </parameters>
            <steps>
                <step start='1651506391391' status='passed' stop='1651506391403'>
                    <name>POST /session/:sessionId/execute/sync</name>
                    <title>POST /session/:sessionId/execute/sync</title>
                    <attachments>
                        <attachment title='Request' source='179b6e41-68ec-4791-a6a9-aafed6226e28-attachment.json' type='application/json' size='3264'/>
                        <attachment title='Response' source='1a27b811-40ea-40af-97f4-d7f23748c2d0-attachment.json' type='application/json' size='93'/>
                    </attachments>
                    <steps/>
                </step>
                <step start='1651506391404' status='passed' stop='1651506391444'>
                    <name>POST /session/:sessionId/element/10249323-4307-4df4-a3f8-94bb4cff417c/click</name>
                    <title>POST /session/:sessionId/element/10249323-4307-4df4-a3f8-94bb4cff417c/click</title>
                    <attachments/>
                    <steps/>
                </step>
            </steps>
            <attachments/>
        </test-case>
        <test-case start='1651506391445' status='passed' stop='1651506392000'>
            <name>And I verify the added_to_cart popup has the message Added to cart</name>
            <title>And I verify the added_to_cart popup has the message Added to cart</title>
            <labels>
                <label name='language' value='javascript'/>
                <label name='framework' value='wdio'/>
                <label name='thread' value='0-0'/>
            </labels>
            <parameters>
                <parameter kind='argument' name='browser' value='chrome-100.0.4896.127'/>
            </parameters>
            <steps>
                <step start='1651506391447' status='passed' stop='1651506391458'>
                    <name>POST /session/:sessionId/execute/sync</name>
                    <title>POST /session/:sessionId/execute/sync</title>
                    <attachments>
                        <attachment title='Request' source='704535d7-2a79-4c58-9924-f7efea9eb0b4-attachment.json' type='application/json' size='3260'/>
                        <attachment title='Response' source='a963a242-e328-433a-b995-908291ec2c50-attachment.json' type='application/json' size='93'/>
                    </attachments>
                    <steps/>
                </step>
                <step start='1651506391459' status='passed' stop='1651506391473'>
                    <name>GET /session/:sessionId/element/372c9d7e-fd39-48ca-ba26-006452018ed8/text</name>
                    <title>GET /session/:sessionId/element/372c9d7e-fd39-48ca-ba26-006452018ed8/text</title>
                    <attachments/>
                    <steps/>
                </step>
                <step start='1651506391974' status='passed' stop='1651506391999'>
                    <name>GET /session/:sessionId/element/372c9d7e-fd39-48ca-ba26-006452018ed8/text</name>
                    <title>GET /session/:sessionId/element/372c9d7e-fd39-48ca-ba26-006452018ed8/text</title>
                    <attachments>
                        <attachment title='Response' source='b355e59d-3469-4dcd-8a4a-bd6ff3d58280-attachment.json' type='application/json' size='36'/>
                    </attachments>
                    <steps/>
                </step>
            </steps>
            <attachments/>
        </test-case>
        <test-case start='1651506392000' status='passed' stop='1651506392053'>
            <name>And I click on the view_cart_button</name>
            <title>And I click on the view_cart_button</title>
            <labels>
                <label name='language' value='javascript'/>
                <label name='framework' value='wdio'/>
                <label name='thread' value='0-0'/>
            </labels>
            <parameters>
                <parameter kind='argument' name='browser' value='chrome-100.0.4896.127'/>
            </parameters>
            <steps>
                <step start='1651506392002' status='passed' stop='1651506392011'>
                    <name>POST /session/:sessionId/execute/sync</name>
                    <title>POST /session/:sessionId/execute/sync</title>
                    <attachments>
                        <attachment title='Request' source='a75a4008-dab8-4ff4-8a36-11ea5d47391c-attachment.json' type='application/json' size='3253'/>
                        <attachment title='Response' source='31f6ce4e-2c7e-42bf-b624-2885e0455d3e-attachment.json' type='application/json' size='93'/>
                    </attachments>
                    <steps/>
                </step>
                <step start='1651506392013' status='passed' stop='1651506392052'>
                    <name>POST /session/:sessionId/element/634d30e9-aaa4-4af6-80b8-d5eab90a590e/click</name>
                    <title>POST /session/:sessionId/element/634d30e9-aaa4-4af6-80b8-d5eab90a590e/click</title>
                    <attachments/>
                    <steps/>
                </step>
            </steps>
            <attachments/>
        </test-case>
        <test-case start='1651506392053' status='passed' stop='1651506392102'>
            <name>And I verify the cart has at least one element</name>
            <title>And I verify the cart has at least one element</title>
            <labels>
                <label name='language' value='javascript'/>
                <label name='framework' value='wdio'/>
                <label name='thread' value='0-0'/>
            </labels>
            <parameters>
                <parameter kind='argument' name='browser' value='chrome-100.0.4896.127'/>
            </parameters>
            <steps>
                <step start='1651506392055' status='passed' stop='1651506392067'>
                    <name>POST /session/:sessionId/execute/sync</name>
                    <title>POST /session/:sessionId/execute/sync</title>
                    <attachments>
                        <attachment title='Request' source='abcd2ba1-66e5-4fda-a913-e768208b48f1-attachment.json' type='application/json' size='3258'/>
                        <attachment title='Response' source='7c02da3b-bc11-4c16-b845-225302555175-attachment.json' type='application/json' size='93'/>
                    </attachments>
                    <steps/>
                </step>
                <step start='1651506392069' status='passed' stop='1651506392077'>
                    <name>POST /session/:sessionId/execute/sync</name>
                    <title>POST /session/:sessionId/execute/sync</title>
                    <attachments>
                        <attachment title='Request' source='0a29b866-fff1-4838-a9ec-364f78f77eaa-attachment.json' type='application/json' size='3258'/>
                        <attachment title='Response' source='5072f8fb-31d8-44d4-be84-305e7fa27ef9-attachment.json' type='application/json' size='93'/>
                    </attachments>
                    <steps/>
                </step>
                <step start='1651506392078' status='passed' stop='1651506392090'>
                    <name>POST /session/:sessionId/execute/sync</name>
                    <title>POST /session/:sessionId/execute/sync</title>
                    <attachments>
                        <attachment title='Request' source='2eb399dd-e89b-4d01-8884-702cab661c53-attachment.json' type='application/json' size='3247'/>
                        <attachment title='Response' source='e7876580-9545-4a60-ad3a-da7b971291cd-attachment.json' type='application/json' size='93'/>
                    </attachments>
                    <steps/>
                </step>
                <step start='1651506392091' status='passed' stop='1651506392100'>
                    <name>POST /session/:sessionId/execute/sync</name>
                    <title>POST /session/:sessionId/execute/sync</title>
                    <attachments>
                        <attachment title='Request' source='c14c44ba-6a5f-478b-afe4-b3c2e39972cd-attachment.json' type='application/json' size='3247'/>
                        <attachment title='Response' source='14f5698c-b65c-4950-ba6e-4e2af6e5053a-attachment.json' type='application/json' size='93'/>
                    </attachments>
                    <steps/>
                </step>
            </steps>
            <attachments/>
        </test-case>
        <test-case start='1651506392102' status='passed' stop='1651506392171'>
            <name>And I click on the checkout_button</name>
            <title>And I click on the checkout_button</title>
            <labels>
                <label name='language' value='javascript'/>
                <label name='framework' value='wdio'/>
                <label name='thread' value='0-0'/>
            </labels>
            <parameters>
                <parameter kind='argument' name='browser' value='chrome-100.0.4896.127'/>
            </parameters>
            <steps>
                <step start='1651506392103' status='passed' stop='1651506392114'>
                    <name>POST /session/:sessionId/execute/sync</name>
                    <title>POST /session/:sessionId/execute/sync</title>
                    <attachments>
                        <attachment title='Request' source='6f683d99-6632-469f-bd90-b23b308e6003-attachment.json' type='application/json' size='3263'/>
                        <attachment title='Response' source='f3a20d2b-02cd-44e1-b796-9c250737839a-attachment.json' type='application/json' size='93'/>
                    </attachments>
                    <steps/>
                </step>
                <step start='1651506392115' status='passed' stop='1651506392170'>
                    <name>POST /session/:sessionId/element/90cc5eb5-fa35-4cc2-8120-145ba81fa290/click</name>
                    <title>POST /session/:sessionId/element/90cc5eb5-fa35-4cc2-8120-145ba81fa290/click</title>
                    <attachments/>
                    <steps/>
                </step>
            </steps>
            <attachments/>
        </test-case>
        <test-case start='1651506392171' status='broken' stop='1651506392172'>
            <name>When I write the aaa27@gmail.com on email_input</name>
            <title>When I write the aaa27@gmail.com on email_input</title>
            <labels>
                <label name='language' value='javascript'/>
                <label name='framework' value='wdio'/>
                <label name='thread' value='0-0'/>
            </labels>
            <parameters>
                <parameter kind='argument' name='browser' value='chrome-100.0.4896.127'/>
            </parameters>
            <steps/>
            <attachments/>
            <failure>
                <message>Step "I write the aaa27@gmail.com on email_input" is not defined. You can ignore this error by setting cucumberOpts.ignoreUndefinedDefinitions as true.</message>
                <stack-trace>Step "I write the aaa27@gmail.com on email_input" is not defined. You can ignore this error by setting cucumberOpts.ignoreUndefinedDefinitions as true.
                	at Feature(C:\Users\Sr Abraham\Desktop\google-shop\test\features\Data Validation Checkout.feature):1:1
                	at Scenario(As a user, I try to make a correct checkout):14:5
                	at Step(I write the &lt;email> on email_input):15:9
                </stack-trace>
            </failure>
        </test-case>
        <test-case start='1651506392172' status='broken' stop='1651506392172'>
            <name>And I write the 34666666666 on phone_number_input</name>
            <title>And I write the 34666666666 on phone_number_input</title>
            <labels>
                <label name='language' value='javascript'/>
                <label name='framework' value='wdio'/>
                <label name='thread' value='0-0'/>
            </labels>
            <parameters>
                <parameter kind='argument' name='browser' value='chrome-100.0.4896.127'/>
            </parameters>
            <steps/>
            <attachments/>
            <failure>
                <message>Step "I write the 34666666666 on phone_number_input" is not defined. You can ignore this error by setting cucumberOpts.ignoreUndefinedDefinitions as true.</message>
                <stack-trace>Step "I write the 34666666666 on phone_number_input" is not defined. You can ignore this error by setting cucumberOpts.ignoreUndefinedDefinitions as true.
                	at Feature(C:\Users\Sr Abraham\Desktop\google-shop\test\features\Data Validation Checkout.feature):1:1
                	at Scenario(As a user, I try to make a correct checkout):14:5
                	at Step(I write the &lt;number> on phone_number_input):16:9
                </stack-trace>
            </failure>
        </test-case>
        <test-case start='1651506392172' status='broken' stop='1651506392173'>
            <name>And I write the address on address_input</name>
            <title>And I write the address on address_input</title>
            <labels>
                <label name='language' value='javascript'/>
                <label name='framework' value='wdio'/>
                <label name='thread' value='0-0'/>
            </labels>
            <parameters>
                <parameter kind='argument' name='browser' value='chrome-100.0.4896.127'/>
            </parameters>
            <steps/>
            <attachments/>
            <failure>
                <message>Step "I write the address on address_input" is not defined. You can ignore this error by setting cucumberOpts.ignoreUndefinedDefinitions as true.</message>
                <stack-trace>Step "I write the address on address_input" is not defined. You can ignore this error by setting cucumberOpts.ignoreUndefinedDefinitions as true.
                	at Feature(C:\Users\Sr Abraham\Desktop\google-shop\test\features\Data Validation Checkout.feature):1:1
                	at Scenario(As a user, I try to make a correct checkout):14:5
                	at Step(I write the &lt;address> on address_input):17:9
                </stack-trace>
            </failure>
        </test-case>
        <test-case start='1651506392173' status='broken' stop='1651506392173'>
            <name>And I write the city on city_input</name>
            <title>And I write the city on city_input</title>
            <labels>
                <label name='language' value='javascript'/>
                <label name='framework' value='wdio'/>
                <label name='thread' value='0-0'/>
            </labels>
            <parameters>
                <parameter kind='argument' name='browser' value='chrome-100.0.4896.127'/>
            </parameters>
            <steps/>
            <attachments/>
            <failure>
                <message>Step "I write the city on city_input" is not defined. You can ignore this error by setting cucumberOpts.ignoreUndefinedDefinitions as true.</message>
                <stack-trace>Step "I write the city on city_input" is not defined. You can ignore this error by setting cucumberOpts.ignoreUndefinedDefinitions as true.
                	at Feature(C:\Users\Sr Abraham\Desktop\google-shop\test\features\Data Validation Checkout.feature):1:1
                	at Scenario(As a user, I try to make a correct checkout):14:5
                	at Step(I write the &lt;city> on city_input):18:9
                </stack-trace>
            </failure>
        </test-case>
        <test-case start='1651506392173' status='broken' stop='1651506392174'>
            <name>And I write the state on state_input</name>
            <title>And I write the state on state_input</title>
            <labels>
                <label name='language' value='javascript'/>
                <label name='framework' value='wdio'/>
                <label name='thread' value='0-0'/>
            </labels>
            <parameters>
                <parameter kind='argument' name='browser' value='chrome-100.0.4896.127'/>
            </parameters>
            <steps/>
            <attachments/>
            <failure>
                <message>Step "I write the state on state_input" is not defined. You can ignore this error by setting cucumberOpts.ignoreUndefinedDefinitions as true.</message>
                <stack-trace>Step "I write the state on state_input" is not defined. You can ignore this error by setting cucumberOpts.ignoreUndefinedDefinitions as true.
                	at Feature(C:\Users\Sr Abraham\Desktop\google-shop\test\features\Data Validation Checkout.feature):1:1
                	at Scenario(As a user, I try to make a correct checkout):14:5
                	at Step(I write the &lt;state> on state_input):19:9
                </stack-trace>
            </failure>
        </test-case>
        <test-case start='1651506392174' status='broken' stop='1651506392174'>
            <name>And I write the 28000 on zip_input</name>
            <title>And I write the 28000 on zip_input</title>
            <labels>
                <label name='language' value='javascript'/>
                <label name='framework' value='wdio'/>
                <label name='thread' value='0-0'/>
            </labels>
            <parameters>
                <parameter kind='argument' name='browser' value='chrome-100.0.4896.127'/>
            </parameters>
            <steps/>
            <attachments/>
            <failure>
                <message>Step "I write the 28000 on zip_input" is not defined. You can ignore this error by setting cucumberOpts.ignoreUndefinedDefinitions as true.</message>
                <stack-trace>Step "I write the 28000 on zip_input" is not defined. You can ignore this error by setting cucumberOpts.ignoreUndefinedDefinitions as true.
                	at Feature(C:\Users\Sr Abraham\Desktop\google-shop\test\features\Data Validation Checkout.feature):1:1
                	at Scenario(As a user, I try to make a correct checkout):14:5
                	at Step(I write the &lt;zip> on zip_input):20:9
                </stack-trace>
            </failure>
        </test-case>
        <test-case start='1651506392174' status='broken' stop='1651506392174'>
            <name>And I write the card_name on card_name_input</name>
            <title>And I write the card_name on card_name_input</title>
            <labels>
                <label name='language' value='javascript'/>
                <label name='framework' value='wdio'/>
                <label name='thread' value='0-0'/>
            </labels>
            <parameters>
                <parameter kind='argument' name='browser' value='chrome-100.0.4896.127'/>
            </parameters>
            <steps/>
            <attachments/>
            <failure>
                <message>Step "I write the card_name on card_name_input" is not defined. You can ignore this error by setting cucumberOpts.ignoreUndefinedDefinitions as true.</message>
                <stack-trace>Step "I write the card_name on card_name_input" is not defined. You can ignore this error by setting cucumberOpts.ignoreUndefinedDefinitions as true.
                	at Feature(C:\Users\Sr Abraham\Desktop\google-shop\test\features\Data Validation Checkout.feature):1:1
                	at Scenario(As a user, I try to make a correct checkout):14:5
                	at Step(I write the &lt;card_name> on card_name_input):21:9
                </stack-trace>
            </failure>
        </test-case>
        <test-case start='1651506392174' status='broken' stop='1651506392175'>
            <name>And I write the 8888888888888888 on card_number_input</name>
            <title>And I write the 8888888888888888 on card_number_input</title>
            <labels>
                <label name='language' value='javascript'/>
                <label name='framework' value='wdio'/>
                <label name='thread' value='0-0'/>
            </labels>
            <parameters>
                <parameter kind='argument' name='browser' value='chrome-100.0.4896.127'/>
            </parameters>
            <steps/>
            <attachments/>
            <failure>
                <message>Step "I write the 8888888888888888 on card_number_input" is not defined. You can ignore this error by setting cucumberOpts.ignoreUndefinedDefinitions as true.</message>
                <stack-trace>Step "I write the 8888888888888888 on card_number_input" is not defined. You can ignore this error by setting cucumberOpts.ignoreUndefinedDefinitions as true.
                	at Feature(C:\Users\Sr Abraham\Desktop\google-shop\test\features\Data Validation Checkout.feature):1:1
                	at Scenario(As a user, I try to make a correct checkout):14:5
                	at Step(I write the &lt;card_number> on card_number_input):22:9
                </stack-trace>
            </failure>
        </test-case>
        <test-case start='1651506392175' status='broken' stop='1651506392175'>
            <name>And I write the 000 on cvv_input</name>
            <title>And I write the 000 on cvv_input</title>
            <labels>
                <label name='language' value='javascript'/>
                <label name='framework' value='wdio'/>
                <label name='thread' value='0-0'/>
            </labels>
            <parameters>
                <parameter kind='argument' name='browser' value='chrome-100.0.4896.127'/>
            </parameters>
            <steps/>
            <attachments/>
            <failure>
                <message>Step "I write the 000 on cvv_input" is not defined. You can ignore this error by setting cucumberOpts.ignoreUndefinedDefinitions as true.</message>
                <stack-trace>Step "I write the 000 on cvv_input" is not defined. You can ignore this error by setting cucumberOpts.ignoreUndefinedDefinitions as true.
                	at Feature(C:\Users\Sr Abraham\Desktop\google-shop\test\features\Data Validation Checkout.feature):1:1
                	at Scenario(As a user, I try to make a correct checkout):14:5
                	at Step(I write the &lt;cvv> on cvv_input):23:9
                </stack-trace>
            </failure>
        </test-case>
        <test-case start='1651506392175' status='undefined'>
            <name>And I click on the place_order_button</name>
            <title>And I click on the place_order_button</title>
            <labels>
                <label name='language' value='javascript'/>
                <label name='framework' value='wdio'/>
                <label name='thread' value='0-0'/>
            </labels>
            <parameters>
                <parameter kind='argument' name='browser' value='chrome-100.0.4896.127'/>
            </parameters>
            <steps/>
            <attachments/>
        </test-case>
        <test-case start='1651506392175' status='undefined'>
            <name>Then I should see a message Demo checkout process complete in success_div</name>
            <title>Then I should see a message Demo checkout process complete in success_div</title>
            <labels>
                <label name='language' value='javascript'/>
                <label name='framework' value='wdio'/>
                <label name='thread' value='0-0'/>
            </labels>
            <parameters>
                <parameter kind='argument' name='browser' value='chrome-100.0.4896.127'/>
            </parameters>
            <steps/>
            <attachments/>
        </test-case>
        <test-case start='1651506392176' status='passed' stop='1651506392176'>
            <name></name>
            <title></title>
            <labels>
                <label name='language' value='javascript'/>
                <label name='framework' value='wdio'/>
                <label name='thread' value='0-0'/>
            </labels>
            <parameters>
                <parameter kind='argument' name='browser' value='chrome-100.0.4896.127'/>
            </parameters>
            <steps/>
            <attachments/>
        </test-case>
    </test-cases>
</ns2:test-suite>